<?xml version="1.0" encoding="UTF-8"?>
<testng-results ignored="0" total="2" passed="2" failed="0" skipped="0">
  <reporter-output>
  </reporter-output>
  <suite started-at="2024-07-18T10:50:07 IST" name="Suite" finished-at="2024-07-18T10:50:14 IST" duration-ms="6846">
    <groups>
    </groups>
    <test started-at="2024-07-18T10:50:07 IST" name="Test" finished-at="2024-07-18T10:50:14 IST" duration-ms="6846">
      <class name="test.LoginTest">
        <test-method is-config="true" signature="browserLaunch()[pri:0, instance:test.LoginTest@740fb309]" started-at="2024-07-18T10:50:11 IST" name="browserLaunch" finished-at="2024-07-18T10:50:13 IST" duration-ms="2217" status="PASS">
          <reporter-output>
          </reporter-output>
        </test-method> <!-- browserLaunch -->
        <test-method signature="loginTest()[pri:0, instance:test.LoginTest@740fb309]" started-at="2024-07-18T10:50:13 IST" name="loginTest" finished-at="2024-07-18T10:50:14 IST" duration-ms="582" status="PASS">
          <reporter-output>
          </reporter-output>
        </test-method> <!-- loginTest -->
      </class> <!-- test.LoginTest -->
      <class name="test.SignupTest">
        <test-method is-config="true" signature="browserLaunch()[pri:0, instance:test.SignupTest@4a003cbe]" started-at="2024-07-18T10:50:07 IST" name="browserLaunch" finished-at="2024-07-18T10:50:10 IST" duration-ms="3398" status="PASS">
          <reporter-output>
          </reporter-output>
        </test-method> <!-- browserLaunch -->
        <test-method signature="signupTest()[pri:0, instance:test.SignupTest@4a003cbe]" started-at="2024-07-18T10:50:10 IST" name="signupTest" finished-at="2024-07-18T10:50:11 IST" duration-ms="608" status="PASS">
          <reporter-output>
          </reporter-output>
        </test-method> <!-- signupTest -->
      </class> <!-- test.SignupTest -->
    </test> <!-- Test -->
  </suite> <!-- Suite -->
</testng-results>
